<?xml version="1.0" encoding="UTF-8" ?>
<testsuite tests="1" failures="0" name="egovframework.guide.helloworld.HelloWorldServiceTest" time="0.015" errors="0" skipped="0">
  <properties>
    <property name="jansi.mode" value="force"/>
    <property name="java.runtime.name" value="OpenJDK Runtime Environment"/>
    <property name="sun.boot.library.path" value="/Users/EGOVEDU/eGovFrame-4.2.0/bin/jdk8u402-b06/Contents/Home/jre/lib"/>
    <property name="java.vm.version" value="25.402-b06"/>
    <property name="gopherProxySet" value="false"/>
    <property name="java.vm.vendor" value="Temurin"/>
    <property name="maven.multiModuleProjectDirectory" value="/Users/EGOVEDU/eGovFrame-4.2.0/workspace.edu/lab103-junit-test-tutor"/>
    <property name="java.vendor.url" value="https://adoptium.net/"/>
    <property name="path.separator" value=":"/>
    <property name="guice.disable.misplaced.annotation.check" value="true"/>
    <property name="java.vm.name" value="OpenJDK 64-Bit Server VM"/>
    <property name="file.encoding.pkg" value="sun.io"/>
    <property name="user.country" value="KR"/>
    <property name="sun.java.launcher" value="SUN_STANDARD"/>
    <property name="sun.os.patch.level" value="unknown"/>
    <property name="java.vm.specification.name" value="Java Virtual Machine Specification"/>
    <property name="user.dir" value="/Users/EGOVEDU/eGovFrame-4.2.0/workspace.edu/lab103-junit-test-tutor"/>
    <property name="java.runtime.version" value="1.8.0_402-b06"/>
    <property name="java.awt.graphicsenv" value="sun.awt.CGraphicsEnvironment"/>
    <property name="java.endorsed.dirs" value="/Users/EGOVEDU/eGovFrame-4.2.0/bin/jdk8u402-b06/Contents/Home/jre/lib/endorsed"/>
    <property name="os.arch" value="x86_64"/>
    <property name="java.io.tmpdir" value="/var/folders/p1/dnbwpcws6kg0p7fbjxn5fmpm0000gn/T/"/>
    <property name="line.separator" value="
"/>
    <property name="java.vm.specification.vendor" value="Oracle Corporation"/>
    <property name="os.name" value="Mac OS X"/>
    <property name="classworlds.conf" value="/Users/EGOVEDU/eGovFrame-4.2.0/workspace.edu/.metadata/.plugins/org.eclipse.m2e.launching/launches/m2conf14654750983189712787.tmp"/>
    <property name="sun.jnu.encoding" value="UTF-8"/>
    <property name="java.library.path" value="/Users/yurakim/Library/Java/Extensions:/Library/Java/Extensions:/Network/Library/Java/Extensions:/System/Library/Java/Extensions:/usr/lib/java:."/>
    <property name="java.specification.name" value="Java Platform API Specification"/>
    <property name="java.class.version" value="52.0"/>
    <property name="sun.management.compiler" value="HotSpot 64-Bit Tiered Compilers"/>
    <property name="os.version" value="14.6.1"/>
    <property name="http.nonProxyHosts" value="local|*.local|169.254/16|*.169.254/16"/>
    <property name="user.home" value="/Users/yurakim"/>
    <property name="user.timezone" value="Asia/Seoul"/>
    <property name="java.awt.printerjob" value="sun.lwawt.macosx.CPrinterJob"/>
    <property name="java.specification.version" value="1.8"/>
    <property name="file.encoding" value="UTF-8"/>
    <property name="user.name" value="yurakim"/>
    <property name="java.class.path" value="/private/var/folders/p1/dnbwpcws6kg0p7fbjxn5fmpm0000gn/T/AppTranslocation/02B4084E-41E5-41FE-B403-30B347260152/d/Eclipse.app/Contents/Eclipse/plugins/org.eclipse.m2e.maven.runtime_3.8.604.20221130-2149/jars/plexus-classworlds-2.6.0.jar"/>
    <property name="java.vm.specification.version" value="1.8"/>
    <property name="sun.arch.data.model" value="64"/>
    <property name="java.home" value="/Users/EGOVEDU/eGovFrame-4.2.0/bin/jdk8u402-b06/Contents/Home/jre"/>
    <property name="sun.java.command" value="org.codehaus.plexus.classworlds.launcher.Launcher -B -Dstyle.color=always -s /Users/EGOVEDU/eGovFrame-4.2.0/maven/settings.xml install"/>
    <property name="java.specification.vendor" value="Oracle Corporation"/>
    <property name="user.language" value="en"/>
    <property name="awt.toolkit" value="sun.lwawt.macosx.LWCToolkit"/>
    <property name="java.vm.info" value="mixed mode"/>
    <property name="java.version" value="1.8.0_402"/>
    <property name="java.ext.dirs" value="/Users/yurakim/Library/Java/Extensions:/Users/EGOVEDU/eGovFrame-4.2.0/bin/jdk8u402-b06/Contents/Home/jre/lib/ext:/Library/Java/Extensions:/Network/Library/Java/Extensions:/System/Library/Java/Extensions:/usr/lib/java"/>
    <property name="sun.boot.class.path" value="/Users/EGOVEDU/eGovFrame-4.2.0/bin/jdk8u402-b06/Contents/Home/jre/lib/resources.jar:/Users/EGOVEDU/eGovFrame-4.2.0/bin/jdk8u402-b06/Contents/Home/jre/lib/rt.jar:/Users/EGOVEDU/eGovFrame-4.2.0/bin/jdk8u402-b06/Contents/Home/jre/lib/sunrsasign.jar:/Users/EGOVEDU/eGovFrame-4.2.0/bin/jdk8u402-b06/Contents/Home/jre/lib/jsse.jar:/Users/EGOVEDU/eGovFrame-4.2.0/bin/jdk8u402-b06/Contents/Home/jre/lib/jce.jar:/Users/EGOVEDU/eGovFrame-4.2.0/bin/jdk8u402-b06/Contents/Home/jre/lib/charsets.jar:/Users/EGOVEDU/eGovFrame-4.2.0/bin/jdk8u402-b06/Contents/Home/jre/lib/jfr.jar:/Users/EGOVEDU/eGovFrame-4.2.0/bin/jdk8u402-b06/Contents/Home/jre/classes"/>
    <property name="java.vendor" value="Temurin"/>
    <property name="java.specification.maintenance.version" value="5"/>
    <property name="maven.home" value="/Users/EGOVEDU/eGovFrame-4.2.0/workspace.edu/lab103-junit-test-tutor/EMBEDDED"/>
    <property name="style.color" value="always"/>
    <property name="file.separator" value="/"/>
    <property name="java.vendor.url.bug" value="https://github.com/adoptium/adoptium-support/issues"/>
    <property name="sun.cpu.endian" value="little"/>
    <property name="sun.io.unicode.encoding" value="UnicodeBig"/>
    <property name="m2e.build.project.data.socket.port" value="49632"/>
    <property name="socksNonProxyHosts" value="local|*.local|169.254/16|*.169.254/16"/>
    <property name="ftp.nonProxyHosts" value="local|*.local|169.254/16|*.169.254/16"/>
    <property name="sun.cpu.isalist" value=""/>
  </properties>
  <testcase classname="egovframework.guide.helloworld.HelloWorldServiceTest" name="SayHello" time="0.015"/>
</testsuite>